# JRE version: OpenJDK Runtime Environment (8.0_152-b02) (build 1.8.0_152-release-1024-b02)
# Java VM: OpenJDK 64-Bit Server VM (25.152-b02 mixed mode windows-amd64 compressed oops)
Heap:
 PSYoungGen      total 489984K, used 399018K [0x00000000e0000000, 0x00000000fff00000, 0x0000000100000000)
  eden space 458752K, 86% used [0x00000000e0000000,0x00000000f831e340,0x00000000fc000000)
  from space 31232K, 8% used [0x00000000fe080000,0x00000000fe30c518,0x00000000fff00000)
  to   space 32256K, 0% used [0x00000000fc000000,0x00000000fc000000,0x00000000fdf80000)
 ParOldGen       total 146432K, used 104107K [0x00000000a0000000, 0x00000000a8f00000, 0x00000000e0000000)
  object space 146432K, 71% used [0x00000000a0000000,0x00000000a65aad78,0x00000000a8f00000)
 Metaspace       used 90085K, capacity 94001K, committed 94168K, reserved 1130496K
  class space    used 11451K, capacity 12288K, committed 12288K, reserved 1048576K
GC Heap History (10 events):
Event: 74.218 GC heap before
{Heap before GC invocations=17 (full 3):
 PSYoungGen      total 293888K, used 267837K [0x00000000e0000000, 0x00000000f6a00000, 0x0000000100000000)
  eden space 260096K, 99% used [0x00000000e0000000,0x00000000efd27758,0x00000000efe00000)
  from space 33792K, 25% used [0x00000000efe00000,0x00000000f0667fa8,0x00000000f1f00000)
  to   space 32768K, 0% used [0x00000000f4a00000,0x00000000f4a00000,0x00000000f6a00000)
 ParOldGen       total 146432K, used 82791K [0x00000000a0000000, 0x00000000a8f00000, 0x00000000e0000000)
  object space 146432K, 56% used [0x00000000a0000000,0x00000000a50d9d80,0x00000000a8f00000)
 Metaspace       used 78755K, capacity 81509K, committed 81752K, reserved 1120256K
  class space    used 10125K, capacity 10818K, committed 10880K, reserved 1048576K
Event: 74.247 GC heap after
Heap after GC invocations=17 (full 3):
 PSYoungGen      total 327680K, used 22071K [0x00000000e0000000, 0x00000000f6600000, 0x0000000100000000)
  eden space 299008K, 0% used [0x00000000e0000000,0x00000000e0000000,0x00000000f2400000)
  from space 28672K, 76% used [0x00000000f4a00000,0x00000000f5f8df50,0x00000000f6600000)
  to   space 33792K, 0% used [0x00000000f2400000,0x00000000f2400000,0x00000000f4500000)
 ParOldGen       total 146432K, used 82799K [0x00000000a0000000, 0x00000000a8f00000, 0x00000000e0000000)
  object space 146432K, 56% used [0x00000000a0000000,0x00000000a50dbd80,0x00000000a8f00000)
 Metaspace       used 78755K, capacity 81509K, committed 81752K, reserved 1120256K
  class space    used 10125K, capacity 10818K, committed 10880K, reserved 1048576K
}
Event: 74.292 GC heap before
{Heap before GC invocations=18 (full 3):
 PSYoungGen      total 327680K, used 320814K [0x00000000e0000000, 0x00000000f6600000, 0x0000000100000000)
  eden space 299008K, 99% used [0x00000000e0000000,0x00000000f23bdad0,0x00000000f2400000)
  from space 28672K, 76% used [0x00000000f4a00000,0x00000000f5f8df50,0x00000000f6600000)
  to   space 33792K, 0% used [0x00000000f2400000,0x00000000f2400000,0x00000000f4500000)
 ParOldGen       total 146432K, used 82799K [0x00000000a0000000, 0x00000000a8f00000, 0x00000000e0000000)
  object space 146432K, 56% used [0x00000000a0000000,0x00000000a50dbd80,0x00000000a8f00000)
 Metaspace       used 78767K, capacity 81509K, committed 81752K, reserved 1120256K
  class space    used 10125K, capacity 10818K, committed 10880K, reserved 1048576K
Event: 74.305 GC heap after
Heap after GC invocations=18 (full 3):
 PSYoungGen      total 332800K, used 19114K [0x00000000e0000000, 0x00000000fe280000, 0x0000000100000000)
  eden space 299008K, 0% used [0x00000000e0000000,0x00000000e0000000,0x00000000f2400000)
  from space 33792K, 56% used [0x00000000f2400000,0x00000000f36aa9b0,0x00000000f4500000)
  to   space 33792K, 0% used [0x00000000fc180000,0x00000000fc180000,0x00000000fe280000)
 ParOldGen       total 146432K, used 82807K [0x00000000a0000000, 0x00000000a8f00000, 0x00000000e0000000)
  object space 146432K, 56% used [0x00000000a0000000,0x00000000a50ddd80,0x00000000a8f00000)
 Metaspace       used 78767K, capacity 81509K, committed 81752K, reserved 1120256K
  class space    used 10125K, capacity 10818K, committed 10880K, reserved 1048576K
}
Event: 79.112 GC heap before
{Heap before GC invocations=19 (full 3):
 PSYoungGen      total 332800K, used 318122K [0x00000000e0000000, 0x00000000fe280000, 0x0000000100000000)
  eden space 299008K, 100% used [0x00000000e0000000,0x00000000f2400000,0x00000000f2400000)
  from space 33792K, 56% used [0x00000000f2400000,0x00000000f36aa9b0,0x00000000f4500000)
  to   space 33792K, 0% used [0x00000000fc180000,0x00000000fc180000,0x00000000fe280000)
 ParOldGen       total 146432K, used 82807K [0x00000000a0000000, 0x00000000a8f00000, 0x00000000e0000000)
  object space 146432K, 56% used [0x00000000a0000000,0x00000000a50ddd80,0x00000000a8f00000)
 Metaspace       used 82944K, capacity 86159K, committed 86360K, reserved 1124352K
  class space    used 10646K, capacity 11379K, committed 11392K, reserved 1048576K
Event: 79.145 GC heap after
Heap after GC invocations=19 (full 3):
 PSYoungGen      total 439808K, used 8376K [0x00000000e0000000, 0x00000000fd800000, 0x0000000100000000)
  eden space 416768K, 0% used [0x00000000e0000000,0x00000000e0000000,0x00000000f9700000)
  from space 23040K, 36% used [0x00000000fc180000,0x00000000fc9ae168,0x00000000fd800000)
  to   space 33280K, 0% used [0x00000000f9700000,0x00000000f9700000,0x00000000fb780000)
 ParOldGen       total 146432K, used 100405K [0x00000000a0000000, 0x00000000a8f00000, 0x00000000e0000000)
  object space 146432K, 68% used [0x00000000a0000000,0x00000000a620d748,0x00000000a8f00000)
 Metaspace       used 82944K, capacity 86159K, committed 86360K, reserved 1124352K
  class space    used 10646K, capacity 11379K, committed 11392K, reserved 1048576K
}
Event: 82.184 GC heap before
{Heap before GC invocations=20 (full 3):
 PSYoungGen      total 439808K, used 425144K [0x00000000e0000000, 0x00000000fd800000, 0x0000000100000000)
  eden space 416768K, 100% used [0x00000000e0000000,0x00000000f9700000,0x00000000f9700000)
  from space 23040K, 36% used [0x00000000fc180000,0x00000000fc9ae168,0x00000000fd800000)
  to   space 33280K, 0% used [0x00000000f9700000,0x00000000f9700000,0x00000000fb780000)
 ParOldGen       total 146432K, used 100405K [0x00000000a0000000, 0x00000000a8f00000, 0x00000000e0000000)
  object space 146432K, 68% used [0x00000000a0000000,0x00000000a620d748,0x00000000a8f00000)
 Metaspace       used 88984K, capacity 92771K, committed 92888K, reserved 1130496K
  class space    used 11364K, capacity 12189K, committed 12288K, reserved 1048576K
Event: 82.235 GC heap after
Heap after GC invocations=20 (full 3):
 PSYoungGen      total 450048K, used 7667K [0x00000000e0000000, 0x0000000100000000, 0x0000000100000000)
  eden space 416768K, 0% used [0x00000000e0000000,0x00000000e0000000,0x00000000f9700000)
  from space 33280K, 23% used [0x00000000f9700000,0x00000000f9e7cc40,0x00000000fb780000)
  to   space 32256K, 0% used [0x00000000fe080000,0x00000000fe080000,0x0000000100000000)
 ParOldGen       total 146432K, used 103563K [0x00000000a0000000, 0x00000000a8f00000, 0x00000000e0000000)
  object space 146432K, 70% used [0x00000000a0000000,0x00000000a6522d78,0x00000000a8f00000)
 Metaspace       used 88984K, capacity 92771K, committed 92888K, reserved 1130496K
  class space    used 11364K, capacity 12189K, committed 12288K, reserved 1048576K
}
Event: 85.139 GC heap before
{Heap before GC invocations=21 (full 3):
 PSYoungGen      total 450048K, used 424435K [0x00000000e0000000, 0x0000000100000000, 0x0000000100000000)
  eden space 416768K, 100% used [0x00000000e0000000,0x00000000f9700000,0x00000000f9700000)
  from space 33280K, 23% used [0x00000000f9700000,0x00000000f9e7cc40,0x00000000fb780000)
  to   space 32256K, 0% used [0x00000000fe080000,0x00000000fe080000,0x0000000100000000)
 ParOldGen       total 146432K, used 103563K [0x00000000a0000000, 0x00000000a8f00000, 0x00000000e0000000)
  object space 146432K, 70% used [0x00000000a0000000,0x00000000a6522d78,0x00000000a8f00000)
 Metaspace       used 89329K, capacity 93175K, committed 93400K, reserved 1130496K
  class space    used 11392K, capacity 12227K, committed 12288K, reserved 1048576K
Event: 85.154 GC heap after
Heap after GC invocations=21 (full 3):
 PSYoungGen      total 489984K, used 2609K [0x00000000e0000000, 0x00000000fff00000, 0x0000000100000000)
  eden space 458752K, 0% used [0x00000000e0000000,0x00000000e0000000,0x00000000fc000000)
  from space 31232K, 8% used [0x00000000fe080000,0x00000000fe30c518,0x00000000fff00000)
  to   space 32256K, 0% used [0x00000000fc000000,0x00000000fc000000,0x00000000fdf80000)
 ParOldGen       total 146432K, used 104107K [0x00000000a0000000, 0x00000000a8f00000, 0x00000000e0000000)
  object space 146432K, 71% used [0x00000000a0000000,0x00000000a65aad78,0x00000000a8f00000)
 Metaspace       used 89329K, capacity 93175K, committed 93400K, reserved 1130496K
  class space    used 11392K, capacity 12227K, committed 12288K, reserved 1048576K
}

